This file contains any messages produced by compilers while
running configure, to aid debugging if configure makes a mistake.

It was created by ccache-swig configure 0.0, which was
generated by GNU Autoconf 2.69.  Invocation command line was

  $ ./configure --disable-option-checking --prefix=/usr/local --cache-file=/dev/null --srcdir=.

## --------- ##
## Platform. ##
## --------- ##

hostname = orth
uname -m = x86_64
uname -r = 5.0.10-arch1-1-ARCH
uname -s = Linux
uname -v = #1 SMP PREEMPT Sat Apr 27 20:06:45 UTC 2019

/usr/bin/uname -p = unknown
/bin/uname -X     = unknown

/bin/arch              = unknown
/usr/bin/arch -k       = unknown
/usr/convex/getsysinfo = unknown
/usr/bin/hostinfo      = unknown
/bin/machine           = unknown
/usr/bin/oslevel       = unknown
/bin/universe          = unknown

PATH: /usr/local/sbin
PATH: /usr/local/bin
PATH: /usr/bin
PATH: /opt/cuda/bin
PATH: /usr/lib/jvm/default/bin
PATH: /usr/bin/site_perl
PATH: /usr/bin/vendor_perl
PATH: /usr/bin/core_perl


## ----------- ##
## Core tests. ##
## ----------- ##

configure:2106: Configuring ccache
configure:2162: checking for gcc
configure:2178: found /usr/bin/gcc
configure:2189: result: gcc
configure:2418: checking for C compiler version
configure:2427: gcc --version >&5
gcc (GCC) 8.3.0
Copyright (C) 2018 Free Software Foundation, Inc.
This is free software; see the source for copying conditions.  There is NO
warranty; not even for MERCHANTABILITY or FITNESS FOR A PARTICULAR PURPOSE.

configure:2438: $? = 0
configure:2427: gcc -v >&5
Using built-in specs.
COLLECT_GCC=gcc
COLLECT_LTO_WRAPPER=/usr/lib/gcc/x86_64-pc-linux-gnu/8.3.0/lto-wrapper
Target: x86_64-pc-linux-gnu
Configured with: /build/gcc/src/gcc/configure --prefix=/usr --libdir=/usr/lib --libexecdir=/usr/lib --mandir=/usr/share/man --infodir=/usr/share/info --with-bugurl=https://bugs.archlinux.org/ --enable-languages=c,c++,ada,fortran,go,lto,objc,obj-c++ --enable-shared --enable-threads=posix --enable-libmpx --with-system-zlib --with-isl --enable-__cxa_atexit --disable-libunwind-exceptions --enable-clocale=gnu --disable-libstdcxx-pch --disable-libssp --enable-gnu-unique-object --enable-linker-build-id --enable-lto --enable-plugin --enable-install-libiberty --with-linker-hash-style=gnu --enable-gnu-indirect-function --enable-multilib --disable-werror --enable-checking=release --enable-default-pie --enable-default-ssp --enable-cet=auto
Thread model: posix
gcc version 8.3.0 (GCC) 
configure:2438: $? = 0
configure:2427: gcc -V >&5
gcc: error: unrecognized command line option '-V'
gcc: fatal error: no input files
compilation terminated.
configure:2438: $? = 1
configure:2427: gcc -qversion >&5
gcc: error: unrecognized command line option '-qversion'; did you mean '--version'?
gcc: fatal error: no input files
compilation terminated.
configure:2438: $? = 1
configure:2458: checking whether the C compiler works
configure:2480: gcc     conftest.c  >&5
configure:2484: $? = 0
configure:2532: result: yes
configure:2535: checking for C compiler default output file name
configure:2537: result: a.out
configure:2543: checking for suffix of executables
configure:2550: gcc -o conftest     conftest.c  >&5
configure:2554: $? = 0
configure:2576: result: 
configure:2598: checking whether we are cross compiling
configure:2606: gcc -o conftest     conftest.c  >&5
configure:2610: $? = 0
configure:2617: ./conftest
configure:2621: $? = 0
configure:2609: result: no
configure:2614: checking for suffix of object files
configure:2636: gcc -c    conftest.c >&5
configure:2640: $? = 0
configure:2661: result: o
configure:2665: checking whether we are using the GNU C compiler
configure:2684: gcc -c    conftest.c >&5
configure:2684: $? = 0
configure:2693: result: yes
configure:2702: checking whether gcc accepts -g
configure:2722: gcc -c -g   conftest.c >&5
configure:2722: $? = 0
configure:2763: result: yes
configure:2780: checking for gcc option to accept ISO C89
configure:2843: gcc  -c -g -O2   conftest.c >&5
configure:2843: $? = 0
configure:2856: result: none needed
configure:2881: checking how to run the C preprocessor
configure:2912: gcc -E   conftest.c
configure:2912: $? = 0
configure:2926: gcc -E   conftest.c
conftest.c:9:10: fatal error: ac_nonexistent.h: No such file or directory
 #include <ac_nonexistent.h>
          ^~~~~~~~~~~~~~~~~~
compilation terminated.
configure:2926: $? = 1
configure: failed program was:
| /* confdefs.h */
| #define PACKAGE_NAME "ccache-swig"
| #define PACKAGE_TARNAME "ccache-swig"
| #define PACKAGE_VERSION "0.0"
| #define PACKAGE_STRING "ccache-swig 0.0"
| #define PACKAGE_BUGREPORT ""
| #define PACKAGE_URL ""
| /* end confdefs.h.  */
| #include <ac_nonexistent.h>
configure:2951: result: gcc -E
configure:2971: gcc -E   conftest.c
configure:2971: $? = 0
configure:2985: gcc -E   conftest.c
conftest.c:9:10: fatal error: ac_nonexistent.h: No such file or directory
 #include <ac_nonexistent.h>
          ^~~~~~~~~~~~~~~~~~
compilation terminated.
configure:2985: $? = 1
configure: failed program was:
| /* confdefs.h */
| #define PACKAGE_NAME "ccache-swig"
| #define PACKAGE_TARNAME "ccache-swig"
| #define PACKAGE_VERSION "0.0"
| #define PACKAGE_STRING "ccache-swig 0.0"
| #define PACKAGE_BUGREPORT ""
| #define PACKAGE_URL ""
| /* end confdefs.h.  */
| #include <ac_nonexistent.h>
configure:3056: checking for a BSD-compatible install
configure:3124: result: /usr/bin/install -c
configure:3180: checking for dirent.h that defines DIR
configure:3199: gcc -c -g -O2 -Wall -W   conftest.c >&5
configure:3199: $? = 0
configure:3207: result: yes
configure:3220: checking for library containing opendir
configure:3251: gcc -o conftest -g -O2 -Wall -W    conftest.c  >&5
configure:3251: $? = 0
configure:3268: result: none required
configure:3335: checking whether time.h and sys/time.h may both be included
configure:3355: gcc -c -g -O2 -Wall -W   conftest.c >&5
configure:3355: $? = 0
configure:3362: result: yes
configure:3370: checking for sys/wait.h that is POSIX.1 compatible
configure:3396: gcc -c -g -O2 -Wall -W   conftest.c >&5
configure:3396: $? = 0
configure:3403: result: yes
configure:3413: checking for grep that handles long lines and -e
configure:3471: result: /usr/bin/grep
configure:3476: checking for egrep
configure:3538: result: /usr/bin/grep -E
configure:3543: checking for ANSI C header files
configure:3563: gcc -c -g -O2 -Wall -W   conftest.c >&5
configure:3563: $? = 0
configure:3636: gcc -o conftest -g -O2 -Wall -W    conftest.c  >&5
configure:3636: $? = 0
configure:3636: ./conftest
configure:3636: $? = 0
configure:3647: result: yes
configure:3660: checking for sys/types.h
configure:3660: gcc -c -g -O2 -Wall -W   conftest.c >&5
configure:3660: $? = 0
configure:3660: result: yes
configure:3660: checking for sys/stat.h
configure:3660: gcc -c -g -O2 -Wall -W   conftest.c >&5
configure:3660: $? = 0
configure:3660: result: yes
configure:3660: checking for stdlib.h
configure:3660: gcc -c -g -O2 -Wall -W   conftest.c >&5
configure:3660: $? = 0
configure:3660: result: yes
configure:3660: checking for string.h
configure:3660: gcc -c -g -O2 -Wall -W   conftest.c >&5
configure:3660: $? = 0
configure:3660: result: yes
configure:3660: checking for memory.h
configure:3660: gcc -c -g -O2 -Wall -W   conftest.c >&5
configure:3660: $? = 0
configure:3660: result: yes
configure:3660: checking for strings.h
configure:3660: gcc -c -g -O2 -Wall -W   conftest.c >&5
configure:3660: $? = 0
configure:3660: result: yes
configure:3660: checking for inttypes.h
configure:3660: gcc -c -g -O2 -Wall -W   conftest.c >&5
configure:3660: $? = 0
configure:3660: result: yes
configure:3660: checking for stdint.h
configure:3660: gcc -c -g -O2 -Wall -W   conftest.c >&5
configure:3660: $? = 0
configure:3660: result: yes
configure:3660: checking for unistd.h
configure:3660: gcc -c -g -O2 -Wall -W   conftest.c >&5
configure:3660: $? = 0
configure:3660: result: yes
configure:3675: checking ctype.h usability
configure:3675: gcc -c -g -O2 -Wall -W   conftest.c >&5
configure:3675: $? = 0
configure:3675: result: yes
configure:3675: checking ctype.h presence
configure:3675: gcc -E   conftest.c
configure:3675: $? = 0
configure:3675: result: yes
configure:3675: checking for ctype.h
configure:3675: result: yes
configure:3675: checking for strings.h
configure:3675: result: yes
configure:3675: checking for stdlib.h
configure:3675: result: yes
configure:3675: checking for string.h
configure:3675: result: yes
configure:3675: checking pwd.h usability
configure:3675: gcc -c -g -O2 -Wall -W   conftest.c >&5
configure:3675: $? = 0
configure:3675: result: yes
configure:3675: checking pwd.h presence
configure:3675: gcc -E   conftest.c
configure:3675: $? = 0
configure:3675: result: yes
configure:3675: checking for pwd.h
configure:3675: result: yes
configure:3675: checking sys/time.h usability
configure:3675: gcc -c -g -O2 -Wall -W   conftest.c >&5
configure:3675: $? = 0
configure:3675: result: yes
configure:3675: checking sys/time.h presence
configure:3675: gcc -E   conftest.c
configure:3675: $? = 0
configure:3675: result: yes
configure:3675: checking for sys/time.h
configure:3675: result: yes
configure:3689: checking for realpath
configure:3689: gcc -o conftest -g -O2 -Wall -W    conftest.c  >&5
configure:3689: $? = 0
configure:3689: result: yes
configure:3689: checking for snprintf
configure:3689: gcc -o conftest -g -O2 -Wall -W    conftest.c  >&5
conftest.c:54:6: warning: conflicting types for built-in function 'snprintf' [-Wbuiltin-declaration-mismatch]
 char snprintf ();
      ^~~~~~~~
configure:3689: $? = 0
configure:3689: result: yes
configure:3689: checking for vsnprintf
configure:3689: gcc -o conftest -g -O2 -Wall -W    conftest.c  >&5
conftest.c:55:6: warning: conflicting types for built-in function 'vsnprintf' [-Wbuiltin-declaration-mismatch]
 char vsnprintf ();
      ^~~~~~~~~
configure:3689: $? = 0
configure:3689: result: yes
configure:3689: checking for vasprintf
configure:3689: gcc -o conftest -g -O2 -Wall -W    conftest.c  >&5
configure:3689: $? = 0
configure:3689: result: yes
configure:3689: checking for asprintf
configure:3689: gcc -o conftest -g -O2 -Wall -W    conftest.c  >&5
configure:3689: $? = 0
configure:3689: result: yes
configure:3689: checking for mkstemp
configure:3689: gcc -o conftest -g -O2 -Wall -W    conftest.c  >&5
configure:3689: $? = 0
configure:3689: result: yes
configure:3701: checking for gethostname
configure:3701: gcc -o conftest -g -O2 -Wall -W    conftest.c  >&5
configure:3701: $? = 0
configure:3701: result: yes
configure:3701: checking for getpwuid
configure:3701: gcc -o conftest -g -O2 -Wall -W    conftest.c  >&5
configure:3701: $? = 0
configure:3701: result: yes
configure:3712: checking for utimes
configure:3712: gcc -o conftest -g -O2 -Wall -W    conftest.c  >&5
configure:3712: $? = 0
configure:3712: result: yes
configure:3722: checking for compar_fn_t in stdlib.h
configure:3741: gcc -c -g -O2 -Wall -W   conftest.c >&5
conftest.c: In function 'test_fn':
conftest.c:44:22: warning: null argument where non-null required (argument 1) [-Wnonnull]
 void test_fn(void) { qsort(NULL, 0, 0, (__compar_fn_t)NULL); }
                      ^~~~~
conftest.c:44:22: warning: null argument where non-null required (argument 4) [-Wnonnull]
At top level:
conftest.c:44:6: warning: 'test_fn' defined but not used [-Wunused-function]
 void test_fn(void) { qsort(NULL, 0, 0, (__compar_fn_t)NULL); }
      ^~~~~~~
configure:3741: $? = 0
configure:3748: result: yes
configure:3756: checking for C99 vsnprintf
configure:3787: gcc -o conftest -g -O2 -Wall -W    conftest.c  >&5
conftest.c: In function 'foo':
conftest.c:49:14: warning: implicit declaration of function 'vsnprintf' [-Wimplicit-function-declaration]
        len = vsnprintf(0, 0, format, ap);
              ^~~~~~~~~
conftest.c:51:22: warning: implicit declaration of function 'exit' [-Wimplicit-function-declaration]
        if (len != 5) exit(1);
                      ^~~~
conftest.c:51:22: warning: incompatible implicit declaration of built-in function 'exit'
conftest.c:51:22: note: include '<stdlib.h>' or provide a declaration of 'exit'
conftest.c:43:1:
+#include <stdlib.h>
 void foo(const char *format, ...) {
conftest.c:51:22:
        if (len != 5) exit(1);
                      ^~~~
conftest.c:53:12: warning: implicit declaration of function 'snprintf' [-Wimplicit-function-declaration]
        if (snprintf(buf, 3, "hello") != 5 || strcmp(buf, "he") != 0) exit(1);
            ^~~~~~~~
conftest.c:53:12: warning: incompatible implicit declaration of built-in function 'snprintf'
conftest.c:53:12: note: include '<stdio.h>' or provide a declaration of 'snprintf'
conftest.c:43:1:
+#include <stdio.h>
 void foo(const char *format, ...) {
conftest.c:53:12:
        if (snprintf(buf, 3, "hello") != 5 || strcmp(buf, "he") != 0) exit(1);
            ^~~~~~~~
conftest.c:53:46: warning: implicit declaration of function 'strcmp' [-Wimplicit-function-declaration]
        if (snprintf(buf, 3, "hello") != 5 || strcmp(buf, "he") != 0) exit(1);
                                              ^~~~~~
conftest.c:53:70: warning: incompatible implicit declaration of built-in function 'exit'
        if (snprintf(buf, 3, "hello") != 5 || strcmp(buf, "he") != 0) exit(1);
                                                                      ^~~~
conftest.c:53:70: note: include '<stdlib.h>' or provide a declaration of 'exit'
conftest.c:55:8: warning: incompatible implicit declaration of built-in function 'exit'
        exit(0);
        ^~~~
conftest.c:55:8: note: include '<stdlib.h>' or provide a declaration of 'exit'
conftest.c: At top level:
conftest.c:57:1: warning: return type defaults to 'int' [-Wimplicit-int]
 main() { foo("hello"); }
 ^~~~
conftest.c: In function 'foo':
conftest.c:53:12: warning: 'hello' directive output truncated writing 5 bytes into a region of size 3 [-Wformat-truncation=]
        if (snprintf(buf, 3, "hello") != 5 || strcmp(buf, "he") != 0) exit(1);
            ^~~~~~~~~~~~~~~~~~~~~~~~~
conftest.c:53:12: note: 'snprintf' output 6 bytes into a destination of size 3
configure:3787: $? = 0
configure:3787: ./conftest
configure:3787: $? = 0
configure:3797: result: yes
configure:3814: checking zlib.h usability
configure:3814: gcc -c -g -O2 -Wall -W   conftest.c >&5
configure:3814: $? = 0
configure:3814: result: yes
configure:3814: checking zlib.h presence
configure:3814: gcc -E   conftest.c
configure:3814: $? = 0
configure:3814: result: yes
configure:3814: checking for zlib.h
configure:3814: result: yes
configure:3816: checking for gzdopen in -lz
configure:3841: gcc -o conftest -g -O2 -Wall -W    conftest.c -lz   >&5
configure:3841: $? = 0
configure:3850: result: yes
configure:3972: creating ./config.status

## ---------------------- ##
## Running config.status. ##
## ---------------------- ##

This file was extended by ccache-swig config.status 0.0, which was
generated by GNU Autoconf 2.69.  Invocation command line was

  CONFIG_FILES    = 
  CONFIG_HEADERS  = 
  CONFIG_LINKS    = 
  CONFIG_COMMANDS = 
  $ ./config.status 

on orth

config.status:823: creating config_win32.h
config.status:823: creating Makefile
config.status:823: creating config.h

## ---------------- ##
## Cache variables. ##
## ---------------- ##

ac_cv_c_compiler_gnu=yes
ac_cv_env_CC_set=
ac_cv_env_CC_value=
ac_cv_env_CFLAGS_set=
ac_cv_env_CFLAGS_value=
ac_cv_env_CPPFLAGS_set=set
ac_cv_env_CPPFLAGS_value=' '
ac_cv_env_CPP_set=
ac_cv_env_CPP_value=
ac_cv_env_LDFLAGS_set=set
ac_cv_env_LDFLAGS_value=
ac_cv_env_LIBS_set=
ac_cv_env_LIBS_value=
ac_cv_env_build_alias_set=
ac_cv_env_build_alias_value=
ac_cv_env_host_alias_set=
ac_cv_env_host_alias_value=
ac_cv_env_target_alias_set=
ac_cv_env_target_alias_value=
ac_cv_func_asprintf=yes
ac_cv_func_gethostname=yes
ac_cv_func_getpwuid=yes
ac_cv_func_mkstemp=yes
ac_cv_func_realpath=yes
ac_cv_func_snprintf=yes
ac_cv_func_utimes=yes
ac_cv_func_vasprintf=yes
ac_cv_func_vsnprintf=yes
ac_cv_header_ctype_h=yes
ac_cv_header_dirent_dirent_h=yes
ac_cv_header_inttypes_h=yes
ac_cv_header_memory_h=yes
ac_cv_header_pwd_h=yes
ac_cv_header_stdc=yes
ac_cv_header_stdint_h=yes
ac_cv_header_stdlib_h=yes
ac_cv_header_string_h=yes
ac_cv_header_strings_h=yes
ac_cv_header_sys_stat_h=yes
ac_cv_header_sys_time_h=yes
ac_cv_header_sys_types_h=yes
ac_cv_header_sys_wait_h=yes
ac_cv_header_time=yes
ac_cv_header_unistd_h=yes
ac_cv_header_zlib_h=yes
ac_cv_lib_z_gzdopen=yes
ac_cv_objext=o
ac_cv_path_EGREP='/usr/bin/grep -E'
ac_cv_path_GREP=/usr/bin/grep
ac_cv_path_install='/usr/bin/install -c'
ac_cv_prog_CPP='gcc -E'
ac_cv_prog_ac_ct_CC=gcc
ac_cv_prog_cc_c89=
ac_cv_prog_cc_g=yes
ac_cv_search_opendir='none required'
ccache_cv_COMPAR_FN_T=yes
ccache_cv_HAVE_C99_VSNPRINTF=yes

## ----------------- ##
## Output variables. ##
## ----------------- ##

CC='gcc'
CFLAGS='-g -O2 -Wall -W'
CPP='gcc -E'
CPPFLAGS=' '
DEFS='-DHAVE_CONFIG_H'
ECHO_C=''
ECHO_N='-n'
ECHO_T=''
EGREP='/usr/bin/grep -E'
EXEEXT=''
GREP='/usr/bin/grep'
INSTALL_DATA='${INSTALL} -m 644'
INSTALL_PROGRAM='${INSTALL}'
INSTALL_SCRIPT='${INSTALL}'
LDFLAGS=''
LIBOBJS=''
LIBS='-lz '
LTLIBOBJS=''
OBJEXT='o'
PACKAGE_BUGREPORT=''
PACKAGE_NAME='ccache-swig'
PACKAGE_STRING='ccache-swig 0.0'
PACKAGE_TARNAME='ccache-swig'
PACKAGE_URL=''
PACKAGE_VERSION='0.0'
PATH_SEPARATOR=':'
PROGRAM_NAME='ccache-swig'
SHELL='/bin/sh'
ac_ct_CC='gcc'
bindir='${exec_prefix}/bin'
build_alias=''
datadir='${datarootdir}'
datarootdir='${prefix}/share'
docdir='${datarootdir}/doc/${PACKAGE_TARNAME}'
dvidir='${docdir}'
exec_prefix='${prefix}'
host_alias=''
htmldir='${docdir}'
includedir='${prefix}/include'
infodir='${datarootdir}/info'
libdir='${exec_prefix}/lib'
libexecdir='${exec_prefix}/libexec'
localedir='${datarootdir}/locale'
localstatedir='${prefix}/var'
mandir='${datarootdir}/man'
oldincludedir='/usr/include'
pdfdir='${docdir}'
prefix='/usr/local'
program_transform_name='s,x,x,'
psdir='${docdir}'
runstatedir='${localstatedir}/run'
sbindir='${exec_prefix}/sbin'
sharedstatedir='${prefix}/com'
sysconfdir='${prefix}/etc'
target_alias=''

## ----------- ##
## confdefs.h. ##
## ----------- ##

/* confdefs.h */
#define PACKAGE_NAME "ccache-swig"
#define PACKAGE_TARNAME "ccache-swig"
#define PACKAGE_VERSION "0.0"
#define PACKAGE_STRING "ccache-swig 0.0"
#define PACKAGE_BUGREPORT ""
#define PACKAGE_URL ""
#define PROGRAM_NAME "ccache-swig"
#define _GNU_SOURCE 1
#define HAVE_DIRENT_H 1
#define TIME_WITH_SYS_TIME 1
#define HAVE_SYS_WAIT_H 1
#define STDC_HEADERS 1
#define HAVE_SYS_TYPES_H 1
#define HAVE_SYS_STAT_H 1
#define HAVE_STDLIB_H 1
#define HAVE_STRING_H 1
#define HAVE_MEMORY_H 1
#define HAVE_STRINGS_H 1
#define HAVE_INTTYPES_H 1
#define HAVE_STDINT_H 1
#define HAVE_UNISTD_H 1
#define HAVE_CTYPE_H 1
#define HAVE_STRINGS_H 1
#define HAVE_STDLIB_H 1
#define HAVE_STRING_H 1
#define HAVE_PWD_H 1
#define HAVE_SYS_TIME_H 1
#define HAVE_REALPATH 1
#define HAVE_SNPRINTF 1
#define HAVE_VSNPRINTF 1
#define HAVE_VASPRINTF 1
#define HAVE_ASPRINTF 1
#define HAVE_MKSTEMP 1
#define HAVE_GETHOSTNAME 1
#define HAVE_GETPWUID 1
#define HAVE_UTIMES 1
#define HAVE_COMPAR_FN_T 1
#define HAVE_C99_VSNPRINTF 1
#define ENABLE_ZLIB 1

configure: exit 0
